#! /usr/bin/vvp
:ivl_version "10.3 (stable)";
:ivl_delay_selection "TYPICAL";
:vpi_time_precision + 0;
:vpi_module "system";
:vpi_module "vhdl_sys";
:vpi_module "v2005_math";
:vpi_module "va_math";
S_0x55dae80c5060 .scope module, "probador_serial_paraleloRX" "probador_serial_paraleloRX" 2 1;
 .timescale 0 0;
    .port_info 0 /OUTPUT 1 "data_in"
    .port_info 1 /OUTPUT 1 "reset"
    .port_info 2 /OUTPUT 1 "clk_32f"
    .port_info 3 /OUTPUT 1 "clk_4f"
    .port_info 4 /OUTPUT 1 "clk_2f"
    .port_info 5 /OUTPUT 1 "clk_f"
    .port_info 6 /OUTPUT 1 "active"
    .port_info 7 /INPUT 1 "out_serial2_conductual"
    .port_info 8 /INPUT 1 "out_serial2_conductual_s"
    .port_info 9 /INPUT 8 "Salida0"
    .port_info 10 /INPUT 8 "Salida1"
    .port_info 11 /INPUT 8 "Salida2"
    .port_info 12 /INPUT 8 "Salida3"
    .port_info 13 /INPUT 1 "validSalida0"
    .port_info 14 /INPUT 1 "validSalida1"
    .port_info 15 /INPUT 1 "validSalida2"
    .port_info 16 /INPUT 1 "validSalida3"
    .port_info 17 /INPUT 8 "Salida0s"
    .port_info 18 /INPUT 8 "Salida1s"
    .port_info 19 /INPUT 8 "Salida2s"
    .port_info 20 /INPUT 8 "Salida3s"
    .port_info 21 /INPUT 1 "validSalida0s"
    .port_info 22 /INPUT 1 "validSalida1s"
    .port_info 23 /INPUT 1 "validSalida2s"
    .port_info 24 /INPUT 1 "validSalida3s"
o0x7f62e144b018 .functor BUFZ 8, C4<zzzzzzzz>; HiZ drive
v0x55dae80f9230_0 .net "Salida0", 7 0, o0x7f62e144b018;  0 drivers
o0x7f62e144b048 .functor BUFZ 8, C4<zzzzzzzz>; HiZ drive
v0x55dae80f9820_0 .net "Salida0s", 7 0, o0x7f62e144b048;  0 drivers
o0x7f62e144b078 .functor BUFZ 8, C4<zzzzzzzz>; HiZ drive
v0x55dae80f9b10_0 .net "Salida1", 7 0, o0x7f62e144b078;  0 drivers
o0x7f62e144b0a8 .functor BUFZ 8, C4<zzzzzzzz>; HiZ drive
v0x55dae80f9dc0_0 .net "Salida1s", 7 0, o0x7f62e144b0a8;  0 drivers
o0x7f62e144b0d8 .functor BUFZ 8, C4<zzzzzzzz>; HiZ drive
v0x55dae80fa0b0_0 .net "Salida2", 7 0, o0x7f62e144b0d8;  0 drivers
o0x7f62e144b108 .functor BUFZ 8, C4<zzzzzzzz>; HiZ drive
v0x55dae8113590_0 .net "Salida2s", 7 0, o0x7f62e144b108;  0 drivers
o0x7f62e144b138 .functor BUFZ 8, C4<zzzzzzzz>; HiZ drive
v0x55dae81137f0_0 .net "Salida3", 7 0, o0x7f62e144b138;  0 drivers
o0x7f62e144b168 .functor BUFZ 8, C4<zzzzzzzz>; HiZ drive
v0x55dae812eb90_0 .net "Salida3s", 7 0, o0x7f62e144b168;  0 drivers
v0x55dae812ec70_0 .var "active", 0 0;
v0x55dae812ed30_0 .var "clk_2f", 0 0;
v0x55dae812edf0_0 .var "clk_32f", 0 0;
v0x55dae812eeb0_0 .var "clk_4f", 0 0;
v0x55dae812ef70_0 .var "clk_f", 0 0;
v0x55dae812f030_0 .var "data_in", 0 0;
o0x7f62e144b2b8 .functor BUFZ 1, C4<z>; HiZ drive
v0x55dae812f0f0_0 .net "out_serial2_conductual", 0 0, o0x7f62e144b2b8;  0 drivers
o0x7f62e144b2e8 .functor BUFZ 1, C4<z>; HiZ drive
v0x55dae812f1b0_0 .net "out_serial2_conductual_s", 0 0, o0x7f62e144b2e8;  0 drivers
v0x55dae812f270_0 .var "reset", 0 0;
o0x7f62e144b348 .functor BUFZ 1, C4<z>; HiZ drive
v0x55dae812f330_0 .net "validSalida0", 0 0, o0x7f62e144b348;  0 drivers
o0x7f62e144b378 .functor BUFZ 1, C4<z>; HiZ drive
v0x55dae812f3f0_0 .net "validSalida0s", 0 0, o0x7f62e144b378;  0 drivers
o0x7f62e144b3a8 .functor BUFZ 1, C4<z>; HiZ drive
v0x55dae812f4b0_0 .net "validSalida1", 0 0, o0x7f62e144b3a8;  0 drivers
o0x7f62e144b3d8 .functor BUFZ 1, C4<z>; HiZ drive
v0x55dae812f570_0 .net "validSalida1s", 0 0, o0x7f62e144b3d8;  0 drivers
o0x7f62e144b408 .functor BUFZ 1, C4<z>; HiZ drive
v0x55dae812f630_0 .net "validSalida2", 0 0, o0x7f62e144b408;  0 drivers
o0x7f62e144b438 .functor BUFZ 1, C4<z>; HiZ drive
v0x55dae812f6f0_0 .net "validSalida2s", 0 0, o0x7f62e144b438;  0 drivers
o0x7f62e144b468 .functor BUFZ 1, C4<z>; HiZ drive
v0x55dae812f7b0_0 .net "validSalida3", 0 0, o0x7f62e144b468;  0 drivers
o0x7f62e144b498 .functor BUFZ 1, C4<z>; HiZ drive
v0x55dae812f870_0 .net "validSalida3s", 0 0, o0x7f62e144b498;  0 drivers
E_0x55dae80fc750 .event posedge, v0x55dae812ef70_0;
E_0x55dae80fdfe0 .event posedge, v0x55dae812edf0_0;
E_0x55dae80fc950 .event posedge, v0x55dae812eeb0_0;
    .scope S_0x55dae80c5060;
T_0 ;
    %vpi_call 2 36 "$dumpfile", "RX.vcd" {0 0 0};
    %vpi_call 2 37 "$dumpvars" {0 0 0};
    %pushi/vec4 0, 0, 1;
    %assign/vec4 v0x55dae812f030_0, 0;
    %pushi/vec4 0, 0, 1;
    %assign/vec4 v0x55dae812f270_0, 0;
    %wait E_0x55dae80fc950;
    %pushi/vec4 1, 0, 1;
    %assign/vec4 v0x55dae812f270_0, 0;
    %pushi/vec4 1, 0, 1;
    %assign/vec4 v0x55dae812f030_0, 0;
    %wait E_0x55dae80fdfe0;
    %pushi/vec4 0, 0, 1;
    %assign/vec4 v0x55dae812f030_0, 0;
    %wait E_0x55dae80fdfe0;
    %pushi/vec4 0, 0, 1;
    %assign/vec4 v0x55dae812f030_0, 0;
    %wait E_0x55dae80fdfe0;
    %pushi/vec4 0, 0, 1;
    %assign/vec4 v0x55dae812f030_0, 0;
    %wait E_0x55dae80fdfe0;
    %pushi/vec4 0, 0, 1;
    %assign/vec4 v0x55dae812f030_0, 0;
    %wait E_0x55dae80fdfe0;
    %pushi/vec4 1, 0, 1;
    %assign/vec4 v0x55dae812f030_0, 0;
    %wait E_0x55dae80fdfe0;
    %pushi/vec4 0, 0, 1;
    %assign/vec4 v0x55dae812f030_0, 0;
    %wait E_0x55dae80fdfe0;
    %pushi/vec4 1, 0, 1;
    %assign/vec4 v0x55dae812f030_0, 0;
    %wait E_0x55dae80fdfe0;
    %pushi/vec4 1, 0, 1;
    %assign/vec4 v0x55dae812f030_0, 0;
    %wait E_0x55dae80fdfe0;
    %pushi/vec4 1, 0, 1;
    %assign/vec4 v0x55dae812f030_0, 0;
    %wait E_0x55dae80fdfe0;
    %pushi/vec4 1, 0, 1;
    %assign/vec4 v0x55dae812f030_0, 0;
    %wait E_0x55dae80fdfe0;
    %pushi/vec4 1, 0, 1;
    %assign/vec4 v0x55dae812f030_0, 0;
    %wait E_0x55dae80fdfe0;
    %pushi/vec4 1, 0, 1;
    %assign/vec4 v0x55dae812f030_0, 0;
    %wait E_0x55dae80fdfe0;
    %pushi/vec4 1, 0, 1;
    %assign/vec4 v0x55dae812f030_0, 0;
    %wait E_0x55dae80fdfe0;
    %pushi/vec4 1, 0, 1;
    %assign/vec4 v0x55dae812f030_0, 0;
    %wait E_0x55dae80fdfe0;
    %pushi/vec4 0, 0, 1;
    %assign/vec4 v0x55dae812f030_0, 0;
    %wait E_0x55dae80fc950;
    %pushi/vec4 1, 0, 1;
    %assign/vec4 v0x55dae812f270_0, 0;
    %wait E_0x55dae80fdfe0;
    %pushi/vec4 0, 0, 1;
    %assign/vec4 v0x55dae812f030_0, 0;
    %wait E_0x55dae80fdfe0;
    %pushi/vec4 0, 0, 1;
    %assign/vec4 v0x55dae812f030_0, 0;
    %wait E_0x55dae80fdfe0;
    %pushi/vec4 0, 0, 1;
    %assign/vec4 v0x55dae812f030_0, 0;
    %wait E_0x55dae80fdfe0;
    %pushi/vec4 0, 0, 1;
    %assign/vec4 v0x55dae812f030_0, 0;
    %wait E_0x55dae80fdfe0;
    %pushi/vec4 1, 0, 1;
    %assign/vec4 v0x55dae812f030_0, 0;
    %wait E_0x55dae80fdfe0;
    %pushi/vec4 1, 0, 1;
    %assign/vec4 v0x55dae812f030_0, 0;
    %wait E_0x55dae80fdfe0;
    %pushi/vec4 0, 0, 1;
    %assign/vec4 v0x55dae812f030_0, 0;
    %wait E_0x55dae80fdfe0;
    %pushi/vec4 0, 0, 1;
    %assign/vec4 v0x55dae812f030_0, 0;
    %wait E_0x55dae80fc950;
    %pushi/vec4 1, 0, 1;
    %assign/vec4 v0x55dae812f270_0, 0;
    %wait E_0x55dae80fdfe0;
    %pushi/vec4 1, 0, 1;
    %assign/vec4 v0x55dae812f030_0, 0;
    %wait E_0x55dae80fdfe0;
    %pushi/vec4 0, 0, 1;
    %assign/vec4 v0x55dae812f030_0, 0;
    %wait E_0x55dae80fdfe0;
    %pushi/vec4 1, 0, 1;
    %assign/vec4 v0x55dae812f030_0, 0;
    %wait E_0x55dae80fdfe0;
    %pushi/vec4 1, 0, 1;
    %assign/vec4 v0x55dae812f030_0, 0;
    %wait E_0x55dae80fdfe0;
    %pushi/vec4 1, 0, 1;
    %assign/vec4 v0x55dae812f030_0, 0;
    %wait E_0x55dae80fdfe0;
    %pushi/vec4 1, 0, 1;
    %assign/vec4 v0x55dae812f030_0, 0;
    %wait E_0x55dae80fdfe0;
    %pushi/vec4 0, 0, 1;
    %assign/vec4 v0x55dae812f030_0, 0;
    %wait E_0x55dae80fdfe0;
    %pushi/vec4 0, 0, 1;
    %assign/vec4 v0x55dae812f030_0, 0;
    %wait E_0x55dae80fc950;
    %pushi/vec4 1, 0, 1;
    %assign/vec4 v0x55dae812f030_0, 0;
    %wait E_0x55dae80fdfe0;
    %pushi/vec4 0, 0, 1;
    %assign/vec4 v0x55dae812f030_0, 0;
    %wait E_0x55dae80fdfe0;
    %pushi/vec4 1, 0, 1;
    %assign/vec4 v0x55dae812f030_0, 0;
    %wait E_0x55dae80fdfe0;
    %pushi/vec4 0, 0, 1;
    %assign/vec4 v0x55dae812f030_0, 0;
    %wait E_0x55dae80fdfe0;
    %pushi/vec4 1, 0, 1;
    %assign/vec4 v0x55dae812f030_0, 0;
    %wait E_0x55dae80fdfe0;
    %pushi/vec4 0, 0, 1;
    %assign/vec4 v0x55dae812f030_0, 0;
    %wait E_0x55dae80fdfe0;
    %pushi/vec4 0, 0, 1;
    %assign/vec4 v0x55dae812f030_0, 0;
    %wait E_0x55dae80fdfe0;
    %pushi/vec4 1, 0, 1;
    %assign/vec4 v0x55dae812f030_0, 0;
    %wait E_0x55dae80fc950;
    %pushi/vec4 1, 0, 1;
    %assign/vec4 v0x55dae812f030_0, 0;
    %wait E_0x55dae80fdfe0;
    %pushi/vec4 0, 0, 1;
    %assign/vec4 v0x55dae812f030_0, 0;
    %wait E_0x55dae80fdfe0;
    %pushi/vec4 1, 0, 1;
    %assign/vec4 v0x55dae812f030_0, 0;
    %wait E_0x55dae80fdfe0;
    %pushi/vec4 1, 0, 1;
    %assign/vec4 v0x55dae812f030_0, 0;
    %wait E_0x55dae80fdfe0;
    %pushi/vec4 1, 0, 1;
    %assign/vec4 v0x55dae812f030_0, 0;
    %wait E_0x55dae80fdfe0;
    %pushi/vec4 1, 0, 1;
    %assign/vec4 v0x55dae812f030_0, 0;
    %wait E_0x55dae80fdfe0;
    %pushi/vec4 0, 0, 1;
    %assign/vec4 v0x55dae812f030_0, 0;
    %wait E_0x55dae80fdfe0;
    %pushi/vec4 0, 0, 1;
    %assign/vec4 v0x55dae812f030_0, 0;
    %wait E_0x55dae80fc950;
    %pushi/vec4 1, 0, 1;
    %assign/vec4 v0x55dae812f030_0, 0;
    %wait E_0x55dae80fdfe0;
    %pushi/vec4 0, 0, 1;
    %assign/vec4 v0x55dae812f030_0, 0;
    %wait E_0x55dae80fdfe0;
    %pushi/vec4 1, 0, 1;
    %assign/vec4 v0x55dae812f030_0, 0;
    %wait E_0x55dae80fdfe0;
    %pushi/vec4 0, 0, 1;
    %assign/vec4 v0x55dae812f030_0, 0;
    %wait E_0x55dae80fdfe0;
    %pushi/vec4 1, 0, 1;
    %assign/vec4 v0x55dae812f030_0, 0;
    %wait E_0x55dae80fdfe0;
    %pushi/vec4 1, 0, 1;
    %assign/vec4 v0x55dae812f030_0, 0;
    %wait E_0x55dae80fdfe0;
    %pushi/vec4 0, 0, 1;
    %assign/vec4 v0x55dae812f030_0, 0;
    %wait E_0x55dae80fdfe0;
    %pushi/vec4 0, 0, 1;
    %assign/vec4 v0x55dae812f030_0, 0;
    %wait E_0x55dae80fc950;
    %pushi/vec4 1, 0, 1;
    %assign/vec4 v0x55dae812f030_0, 0;
    %wait E_0x55dae80fdfe0;
    %pushi/vec4 1, 0, 1;
    %assign/vec4 v0x55dae812f030_0, 0;
    %wait E_0x55dae80fdfe0;
    %pushi/vec4 1, 0, 1;
    %assign/vec4 v0x55dae812f030_0, 0;
    %wait E_0x55dae80fdfe0;
    %pushi/vec4 1, 0, 1;
    %assign/vec4 v0x55dae812f030_0, 0;
    %wait E_0x55dae80fdfe0;
    %pushi/vec4 0, 0, 1;
    %assign/vec4 v0x55dae812f030_0, 0;
    %wait E_0x55dae80fdfe0;
    %pushi/vec4 1, 0, 1;
    %assign/vec4 v0x55dae812f030_0, 0;
    %wait E_0x55dae80fdfe0;
    %pushi/vec4 0, 0, 1;
    %assign/vec4 v0x55dae812f030_0, 0;
    %wait E_0x55dae80fdfe0;
    %pushi/vec4 0, 0, 1;
    %assign/vec4 v0x55dae812f030_0, 0;
    %wait E_0x55dae80fc950;
    %pushi/vec4 1, 0, 1;
    %assign/vec4 v0x55dae812f030_0, 0;
    %wait E_0x55dae80fdfe0;
    %pushi/vec4 1, 0, 1;
    %assign/vec4 v0x55dae812f030_0, 0;
    %wait E_0x55dae80fdfe0;
    %pushi/vec4 1, 0, 1;
    %assign/vec4 v0x55dae812f030_0, 0;
    %wait E_0x55dae80fdfe0;
    %pushi/vec4 1, 0, 1;
    %assign/vec4 v0x55dae812f030_0, 0;
    %wait E_0x55dae80fdfe0;
    %pushi/vec4 1, 0, 1;
    %assign/vec4 v0x55dae812f030_0, 0;
    %wait E_0x55dae80fdfe0;
    %pushi/vec4 0, 0, 1;
    %assign/vec4 v0x55dae812f030_0, 0;
    %wait E_0x55dae80fdfe0;
    %pushi/vec4 0, 0, 1;
    %assign/vec4 v0x55dae812f030_0, 0;
    %wait E_0x55dae80fdfe0;
    %pushi/vec4 1, 0, 1;
    %assign/vec4 v0x55dae812f030_0, 0;
    %wait E_0x55dae80fc950;
    %pushi/vec4 0, 0, 1;
    %assign/vec4 v0x55dae812f030_0, 0;
    %wait E_0x55dae80fdfe0;
    %pushi/vec4 0, 0, 1;
    %assign/vec4 v0x55dae812f030_0, 0;
    %wait E_0x55dae80fdfe0;
    %pushi/vec4 0, 0, 1;
    %assign/vec4 v0x55dae812f030_0, 0;
    %wait E_0x55dae80fdfe0;
    %pushi/vec4 0, 0, 1;
    %assign/vec4 v0x55dae812f030_0, 0;
    %wait E_0x55dae80fdfe0;
    %pushi/vec4 1, 0, 1;
    %assign/vec4 v0x55dae812f030_0, 0;
    %wait E_0x55dae80fdfe0;
    %pushi/vec4 1, 0, 1;
    %assign/vec4 v0x55dae812f030_0, 0;
    %wait E_0x55dae80fdfe0;
    %pushi/vec4 0, 0, 1;
    %assign/vec4 v0x55dae812f030_0, 0;
    %wait E_0x55dae80fdfe0;
    %pushi/vec4 0, 0, 1;
    %assign/vec4 v0x55dae812f030_0, 0;
    %wait E_0x55dae80fc950;
    %pushi/vec4 1, 0, 1;
    %assign/vec4 v0x55dae812f030_0, 0;
    %wait E_0x55dae80fdfe0;
    %pushi/vec4 0, 0, 1;
    %assign/vec4 v0x55dae812f030_0, 0;
    %wait E_0x55dae80fdfe0;
    %pushi/vec4 1, 0, 1;
    %assign/vec4 v0x55dae812f030_0, 0;
    %wait E_0x55dae80fdfe0;
    %pushi/vec4 1, 0, 1;
    %assign/vec4 v0x55dae812f030_0, 0;
    %wait E_0x55dae80fdfe0;
    %pushi/vec4 1, 0, 1;
    %assign/vec4 v0x55dae812f030_0, 0;
    %wait E_0x55dae80fdfe0;
    %pushi/vec4 1, 0, 1;
    %assign/vec4 v0x55dae812f030_0, 0;
    %wait E_0x55dae80fdfe0;
    %pushi/vec4 0, 0, 1;
    %assign/vec4 v0x55dae812f030_0, 0;
    %wait E_0x55dae80fdfe0;
    %pushi/vec4 0, 0, 1;
    %assign/vec4 v0x55dae812f030_0, 0;
    %wait E_0x55dae80fc950;
    %pushi/vec4 1, 0, 1;
    %assign/vec4 v0x55dae812f030_0, 0;
    %wait E_0x55dae80fdfe0;
    %pushi/vec4 0, 0, 1;
    %assign/vec4 v0x55dae812f030_0, 0;
    %wait E_0x55dae80fdfe0;
    %pushi/vec4 1, 0, 1;
    %assign/vec4 v0x55dae812f030_0, 0;
    %wait E_0x55dae80fdfe0;
    %pushi/vec4 0, 0, 1;
    %assign/vec4 v0x55dae812f030_0, 0;
    %wait E_0x55dae80fdfe0;
    %pushi/vec4 1, 0, 1;
    %assign/vec4 v0x55dae812f030_0, 0;
    %wait E_0x55dae80fdfe0;
    %pushi/vec4 1, 0, 1;
    %assign/vec4 v0x55dae812f030_0, 0;
    %wait E_0x55dae80fdfe0;
    %pushi/vec4 1, 0, 1;
    %assign/vec4 v0x55dae812f030_0, 0;
    %wait E_0x55dae80fdfe0;
    %pushi/vec4 1, 0, 1;
    %assign/vec4 v0x55dae812f030_0, 0;
    %wait E_0x55dae80fc750;
    %vpi_call 2 254 "$finish" {0 0 0};
    %end;
    .thread T_0;
    .scope S_0x55dae80c5060;
T_1 ;
    %pushi/vec4 0, 0, 1;
    %assign/vec4 v0x55dae812eeb0_0, 0;
    %end;
    .thread T_1;
    .scope S_0x55dae80c5060;
T_2 ;
    %delay 1, 0;
    %load/vec4 v0x55dae812eeb0_0;
    %inv;
    %assign/vec4 v0x55dae812eeb0_0, 0;
    %jmp T_2;
    .thread T_2;
    .scope S_0x55dae80c5060;
T_3 ;
    %pushi/vec4 0, 0, 1;
    %assign/vec4 v0x55dae812ed30_0, 0;
    %end;
    .thread T_3;
    .scope S_0x55dae80c5060;
T_4 ;
    %delay 2, 0;
    %load/vec4 v0x55dae812ed30_0;
    %inv;
    %assign/vec4 v0x55dae812ed30_0, 0;
    %jmp T_4;
    .thread T_4;
    .scope S_0x55dae80c5060;
T_5 ;
    %pushi/vec4 0, 0, 1;
    %assign/vec4 v0x55dae812ef70_0, 0;
    %end;
    .thread T_5;
    .scope S_0x55dae80c5060;
T_6 ;
    %delay 4, 0;
    %load/vec4 v0x55dae812ef70_0;
    %inv;
    %assign/vec4 v0x55dae812ef70_0, 0;
    %jmp T_6;
    .thread T_6;
# The file index is used to find the file name in the following table.
:file_names 3;
    "N/A";
    "<interactive>";
    "probador_RX.v";
