#! /usr/bin/vvp
:ivl_version "10.3 (stable)";
:ivl_delay_selection "TYPICAL";
:vpi_time_precision + 0;
:vpi_module "system";
:vpi_module "vhdl_sys";
:vpi_module "v2005_math";
:vpi_module "va_math";
S_0x55b3313502a0 .scope module, "probador_tx" "probador_tx" 2 4;
 .timescale 0 0;
    .port_info 0 /OUTPUT 8 "data_in0"
    .port_info 1 /OUTPUT 8 "data_in1"
    .port_info 2 /OUTPUT 8 "data_in2"
    .port_info 3 /OUTPUT 8 "data_in3"
    .port_info 4 /OUTPUT 1 "valid0"
    .port_info 5 /OUTPUT 1 "valid1"
    .port_info 6 /OUTPUT 1 "valid2"
    .port_info 7 /OUTPUT 1 "valid3"
    .port_info 8 /OUTPUT 1 "reset"
    .port_info 9 /OUTPUT 1 "in_from_rx"
    .port_info 10 /OUTPUT 1 "clk_f"
    .port_info 11 /OUTPUT 1 "clk_2f"
    .port_info 12 /OUTPUT 1 "clk_4f"
    .port_info 13 /OUTPUT 1 "clk_32f"
    .port_info 14 /INPUT 1 "out_to_rx"
    .port_info 15 /INPUT 8 "recirculador_desactivado0"
    .port_info 16 /INPUT 8 "recirculador_desactivado1"
    .port_info 17 /INPUT 8 "recirculador_desactivado2"
    .port_info 18 /INPUT 8 "recirculador_desactivado3"
v0x55b3313bf9c0_0 .var "clk_2f", 0 0;
v0x55b3313c01c0_0 .var "clk_32f", 0 0;
v0x55b3313c0390_0 .var "clk_4f", 0 0;
v0x55b3313c05a0_0 .var "clk_f", 0 0;
v0x55b3313c07b0_0 .var "data_in0", 7 0;
v0x55b3313887f0_0 .var "data_in1", 7 0;
v0x55b3313d6860_0 .var "data_in2", 7 0;
v0x55b3313d6940_0 .var "data_in3", 7 0;
v0x55b3313d6a20_0 .var "in_from_rx", 0 0;
o0x7fd611d041c8 .functor BUFZ 1, C4<z>; HiZ drive
v0x55b3313d6ae0_0 .net "out_to_rx", 0 0, o0x7fd611d041c8;  0 drivers
o0x7fd611d041f8 .functor BUFZ 8, C4<zzzzzzzz>; HiZ drive
v0x55b3313d6ba0_0 .net "recirculador_desactivado0", 7 0, o0x7fd611d041f8;  0 drivers
o0x7fd611d04228 .functor BUFZ 8, C4<zzzzzzzz>; HiZ drive
v0x55b3313d6c80_0 .net "recirculador_desactivado1", 7 0, o0x7fd611d04228;  0 drivers
o0x7fd611d04258 .functor BUFZ 8, C4<zzzzzzzz>; HiZ drive
v0x55b3313d6d60_0 .net "recirculador_desactivado2", 7 0, o0x7fd611d04258;  0 drivers
o0x7fd611d04288 .functor BUFZ 8, C4<zzzzzzzz>; HiZ drive
v0x55b3313d6e40_0 .net "recirculador_desactivado3", 7 0, o0x7fd611d04288;  0 drivers
v0x55b3313d6f20_0 .var "reset", 0 0;
v0x55b3313d6fe0_0 .var "valid0", 0 0;
v0x55b3313d70a0_0 .var "valid1", 0 0;
v0x55b3313d7160_0 .var "valid2", 0 0;
v0x55b3313d7220_0 .var "valid3", 0 0;
E_0x55b331385f90 .event posedge, v0x55b3313c05a0_0;
E_0x55b331386210 .event posedge, v0x55b3313c0390_0;
E_0x55b331386470 .event posedge, v0x55b3313c01c0_0;
E_0x55b3313866d0 .event posedge, v0x55b3313bf9c0_0;
    .scope S_0x55b3313502a0;
T_0 ;
    %vpi_call 2 38 "$dumpfile", "PHY_TX.vcd" {0 0 0};
    %vpi_call 2 39 "$dumpvars" {0 0 0};
    %pushi/vec4 0, 0, 6;
    %split/vec4 1;
    %assign/vec4 v0x55b3313d6a20_0, 0;
    %split/vec4 1;
    %assign/vec4 v0x55b3313d6f20_0, 0;
    %split/vec4 1;
    %assign/vec4 v0x55b3313d7220_0, 0;
    %split/vec4 1;
    %assign/vec4 v0x55b3313d7160_0, 0;
    %split/vec4 1;
    %assign/vec4 v0x55b3313d70a0_0, 0;
    %assign/vec4 v0x55b3313d6fe0_0, 0;
    %pushi/vec4 0, 0, 8;
    %assign/vec4 v0x55b3313c07b0_0, 0;
    %pushi/vec4 238, 0, 8;
    %assign/vec4 v0x55b3313887f0_0, 0;
    %pushi/vec4 255, 0, 8;
    %assign/vec4 v0x55b3313d6860_0, 0;
    %pushi/vec4 253, 0, 8;
    %assign/vec4 v0x55b3313d6940_0, 0;
    %wait E_0x55b331385f90;
    %pushi/vec4 1, 0, 1;
    %assign/vec4 v0x55b3313d6f20_0, 0;
    %pushi/vec4 1, 0, 1;
    %assign/vec4 v0x55b3313d6fe0_0, 0;
    %pushi/vec4 1, 0, 1;
    %assign/vec4 v0x55b3313d70a0_0, 0;
    %pushi/vec4 1, 0, 1;
    %assign/vec4 v0x55b3313d7160_0, 0;
    %pushi/vec4 1, 0, 1;
    %assign/vec4 v0x55b3313d7220_0, 0;
    %pushi/vec4 252, 0, 8;
    %assign/vec4 v0x55b3313c07b0_0, 0;
    %pushi/vec4 253, 0, 8;
    %assign/vec4 v0x55b3313887f0_0, 0;
    %pushi/vec4 202, 0, 8;
    %assign/vec4 v0x55b3313d6860_0, 0;
    %pushi/vec4 18, 0, 8;
    %assign/vec4 v0x55b3313d6940_0, 0;
    %wait E_0x55b331386470;
    %pushi/vec4 1, 0, 1;
    %assign/vec4 v0x55b3313d6a20_0, 0;
    %wait E_0x55b331386470;
    %pushi/vec4 0, 0, 1;
    %assign/vec4 v0x55b3313d6a20_0, 0;
    %wait E_0x55b331386470;
    %pushi/vec4 1, 0, 1;
    %assign/vec4 v0x55b3313d6a20_0, 0;
    %wait E_0x55b331386470;
    %pushi/vec4 1, 0, 1;
    %assign/vec4 v0x55b3313d6a20_0, 0;
    %wait E_0x55b331386470;
    %pushi/vec4 1, 0, 1;
    %assign/vec4 v0x55b3313d6a20_0, 0;
    %wait E_0x55b331386470;
    %pushi/vec4 1, 0, 1;
    %assign/vec4 v0x55b3313d6a20_0, 0;
    %wait E_0x55b331386470;
    %pushi/vec4 0, 0, 1;
    %assign/vec4 v0x55b3313d6a20_0, 0;
    %wait E_0x55b331386470;
    %pushi/vec4 1, 0, 1;
    %assign/vec4 v0x55b3313d6a20_0, 0;
    %wait E_0x55b3313866d0;
    %pushi/vec4 0, 0, 1;
    %assign/vec4 v0x55b3313d6fe0_0, 0;
    %pushi/vec4 0, 0, 1;
    %assign/vec4 v0x55b3313d70a0_0, 0;
    %pushi/vec4 0, 0, 1;
    %assign/vec4 v0x55b3313d7160_0, 0;
    %pushi/vec4 0, 0, 1;
    %assign/vec4 v0x55b3313d7220_0, 0;
    %pushi/vec4 204, 0, 8;
    %assign/vec4 v0x55b3313c07b0_0, 0;
    %pushi/vec4 240, 0, 8;
    %assign/vec4 v0x55b3313887f0_0, 0;
    %pushi/vec4 170, 0, 8;
    %assign/vec4 v0x55b3313d6860_0, 0;
    %pushi/vec4 17, 0, 8;
    %assign/vec4 v0x55b3313d6940_0, 0;
    %wait E_0x55b331386470;
    %pushi/vec4 1, 0, 1;
    %assign/vec4 v0x55b3313d6a20_0, 0;
    %wait E_0x55b331386470;
    %pushi/vec4 0, 0, 1;
    %assign/vec4 v0x55b3313d6a20_0, 0;
    %wait E_0x55b331386470;
    %pushi/vec4 1, 0, 1;
    %assign/vec4 v0x55b3313d6a20_0, 0;
    %wait E_0x55b331386470;
    %pushi/vec4 1, 0, 1;
    %assign/vec4 v0x55b3313d6a20_0, 0;
    %wait E_0x55b331386470;
    %pushi/vec4 1, 0, 1;
    %assign/vec4 v0x55b3313d6a20_0, 0;
    %wait E_0x55b331386470;
    %pushi/vec4 1, 0, 1;
    %assign/vec4 v0x55b3313d6a20_0, 0;
    %wait E_0x55b331386470;
    %pushi/vec4 0, 0, 1;
    %assign/vec4 v0x55b3313d6a20_0, 0;
    %wait E_0x55b331386470;
    %pushi/vec4 0, 0, 1;
    %assign/vec4 v0x55b3313d6a20_0, 0;
    %wait E_0x55b331386210;
    %wait E_0x55b331386470;
    %pushi/vec4 1, 0, 1;
    %assign/vec4 v0x55b3313d6a20_0, 0;
    %wait E_0x55b331386470;
    %pushi/vec4 0, 0, 1;
    %assign/vec4 v0x55b3313d6a20_0, 0;
    %wait E_0x55b331386470;
    %pushi/vec4 1, 0, 1;
    %assign/vec4 v0x55b3313d6a20_0, 0;
    %wait E_0x55b331386470;
    %pushi/vec4 1, 0, 1;
    %assign/vec4 v0x55b3313d6a20_0, 0;
    %wait E_0x55b331386470;
    %pushi/vec4 1, 0, 1;
    %assign/vec4 v0x55b3313d6a20_0, 0;
    %wait E_0x55b331386470;
    %pushi/vec4 1, 0, 1;
    %assign/vec4 v0x55b3313d6a20_0, 0;
    %wait E_0x55b331386470;
    %pushi/vec4 0, 0, 1;
    %assign/vec4 v0x55b3313d6a20_0, 0;
    %wait E_0x55b331386470;
    %pushi/vec4 0, 0, 1;
    %assign/vec4 v0x55b3313d6a20_0, 0;
    %wait E_0x55b3313866d0;
    %pushi/vec4 1, 0, 1;
    %assign/vec4 v0x55b3313d6fe0_0, 0;
    %pushi/vec4 1, 0, 1;
    %assign/vec4 v0x55b3313d70a0_0, 0;
    %pushi/vec4 1, 0, 1;
    %assign/vec4 v0x55b3313d7160_0, 0;
    %pushi/vec4 1, 0, 1;
    %assign/vec4 v0x55b3313d7220_0, 0;
    %pushi/vec4 202, 0, 8;
    %assign/vec4 v0x55b3313c07b0_0, 0;
    %pushi/vec4 241, 0, 8;
    %assign/vec4 v0x55b3313887f0_0, 0;
    %pushi/vec4 202, 0, 8;
    %assign/vec4 v0x55b3313d6860_0, 0;
    %pushi/vec4 5, 0, 8;
    %assign/vec4 v0x55b3313d6940_0, 0;
    %wait E_0x55b331386470;
    %pushi/vec4 1, 0, 1;
    %assign/vec4 v0x55b3313d6a20_0, 0;
    %wait E_0x55b331386470;
    %pushi/vec4 0, 0, 1;
    %assign/vec4 v0x55b3313d6a20_0, 0;
    %wait E_0x55b331386470;
    %pushi/vec4 1, 0, 1;
    %assign/vec4 v0x55b3313d6a20_0, 0;
    %wait E_0x55b331386470;
    %pushi/vec4 1, 0, 1;
    %assign/vec4 v0x55b3313d6a20_0, 0;
    %wait E_0x55b331386470;
    %pushi/vec4 1, 0, 1;
    %assign/vec4 v0x55b3313d6a20_0, 0;
    %wait E_0x55b331386470;
    %pushi/vec4 1, 0, 1;
    %assign/vec4 v0x55b3313d6a20_0, 0;
    %wait E_0x55b331386470;
    %pushi/vec4 0, 0, 1;
    %assign/vec4 v0x55b3313d6a20_0, 0;
    %wait E_0x55b331386470;
    %pushi/vec4 0, 0, 1;
    %assign/vec4 v0x55b3313d6a20_0, 0;
    %wait E_0x55b331386470;
    %pushi/vec4 1, 0, 1;
    %assign/vec4 v0x55b3313d6a20_0, 0;
    %wait E_0x55b331386470;
    %pushi/vec4 0, 0, 1;
    %assign/vec4 v0x55b3313d6a20_0, 0;
    %wait E_0x55b331386470;
    %pushi/vec4 1, 0, 1;
    %assign/vec4 v0x55b3313d6a20_0, 0;
    %wait E_0x55b331386470;
    %pushi/vec4 1, 0, 1;
    %assign/vec4 v0x55b3313d6a20_0, 0;
    %wait E_0x55b331386470;
    %pushi/vec4 1, 0, 1;
    %assign/vec4 v0x55b3313d6a20_0, 0;
    %wait E_0x55b331386470;
    %pushi/vec4 1, 0, 1;
    %assign/vec4 v0x55b3313d6a20_0, 0;
    %wait E_0x55b331386470;
    %pushi/vec4 0, 0, 1;
    %assign/vec4 v0x55b3313d6a20_0, 0;
    %wait E_0x55b331386470;
    %pushi/vec4 0, 0, 1;
    %assign/vec4 v0x55b3313d6a20_0, 0;
    %wait E_0x55b331385f90;
    %pushi/vec4 16, 0, 8;
    %assign/vec4 v0x55b3313c07b0_0, 0;
    %pushi/vec4 46, 0, 8;
    %assign/vec4 v0x55b3313887f0_0, 0;
    %pushi/vec4 63, 0, 8;
    %assign/vec4 v0x55b3313d6860_0, 0;
    %pushi/vec4 245, 0, 8;
    %assign/vec4 v0x55b3313d6940_0, 0;
    %wait E_0x55b331386470;
    %pushi/vec4 1, 0, 1;
    %assign/vec4 v0x55b3313d6a20_0, 0;
    %wait E_0x55b331386470;
    %pushi/vec4 0, 0, 1;
    %assign/vec4 v0x55b3313d6a20_0, 0;
    %wait E_0x55b331386470;
    %pushi/vec4 1, 0, 1;
    %assign/vec4 v0x55b3313d6a20_0, 0;
    %wait E_0x55b331386470;
    %pushi/vec4 1, 0, 1;
    %assign/vec4 v0x55b3313d6a20_0, 0;
    %wait E_0x55b331386470;
    %pushi/vec4 1, 0, 1;
    %assign/vec4 v0x55b3313d6a20_0, 0;
    %wait E_0x55b331386470;
    %pushi/vec4 1, 0, 1;
    %assign/vec4 v0x55b3313d6a20_0, 0;
    %wait E_0x55b331386470;
    %pushi/vec4 0, 0, 1;
    %assign/vec4 v0x55b3313d6a20_0, 0;
    %wait E_0x55b331386470;
    %pushi/vec4 0, 0, 1;
    %assign/vec4 v0x55b3313d6a20_0, 0;
    %wait E_0x55b331385f90;
    %pushi/vec4 2, 0, 8;
    %assign/vec4 v0x55b3313c07b0_0, 0;
    %pushi/vec4 76, 0, 8;
    %assign/vec4 v0x55b3313887f0_0, 0;
    %pushi/vec4 137, 0, 8;
    %assign/vec4 v0x55b3313d6860_0, 0;
    %pushi/vec4 16, 0, 8;
    %assign/vec4 v0x55b3313d6940_0, 0;
    %wait E_0x55b331386470;
    %pushi/vec4 1, 0, 1;
    %assign/vec4 v0x55b3313d6a20_0, 0;
    %wait E_0x55b331386470;
    %pushi/vec4 0, 0, 1;
    %assign/vec4 v0x55b3313d6a20_0, 0;
    %wait E_0x55b331386470;
    %pushi/vec4 1, 0, 1;
    %assign/vec4 v0x55b3313d6a20_0, 0;
    %wait E_0x55b331386470;
    %pushi/vec4 1, 0, 1;
    %assign/vec4 v0x55b3313d6a20_0, 0;
    %wait E_0x55b331386470;
    %pushi/vec4 1, 0, 1;
    %assign/vec4 v0x55b3313d6a20_0, 0;
    %wait E_0x55b331386470;
    %pushi/vec4 1, 0, 1;
    %assign/vec4 v0x55b3313d6a20_0, 0;
    %wait E_0x55b331386470;
    %pushi/vec4 0, 0, 1;
    %assign/vec4 v0x55b3313d6a20_0, 0;
    %wait E_0x55b331386470;
    %pushi/vec4 0, 0, 1;
    %assign/vec4 v0x55b3313d6a20_0, 0;
    %wait E_0x55b331385f90;
    %pushi/vec4 133, 0, 8;
    %assign/vec4 v0x55b3313c07b0_0, 0;
    %pushi/vec4 188, 0, 8;
    %assign/vec4 v0x55b3313887f0_0, 0;
    %pushi/vec4 223, 0, 8;
    %assign/vec4 v0x55b3313d6860_0, 0;
    %pushi/vec4 239, 0, 8;
    %assign/vec4 v0x55b3313d6940_0, 0;
    %wait E_0x55b331386470;
    %pushi/vec4 1, 0, 1;
    %assign/vec4 v0x55b3313d6a20_0, 0;
    %wait E_0x55b331386470;
    %pushi/vec4 0, 0, 1;
    %assign/vec4 v0x55b3313d6a20_0, 0;
    %wait E_0x55b331386470;
    %pushi/vec4 1, 0, 1;
    %assign/vec4 v0x55b3313d6a20_0, 0;
    %wait E_0x55b331386470;
    %pushi/vec4 1, 0, 1;
    %assign/vec4 v0x55b3313d6a20_0, 0;
    %wait E_0x55b331386470;
    %pushi/vec4 1, 0, 1;
    %assign/vec4 v0x55b3313d6a20_0, 0;
    %wait E_0x55b331386470;
    %pushi/vec4 1, 0, 1;
    %assign/vec4 v0x55b3313d6a20_0, 0;
    %wait E_0x55b331386470;
    %pushi/vec4 0, 0, 1;
    %assign/vec4 v0x55b3313d6a20_0, 0;
    %wait E_0x55b331386470;
    %pushi/vec4 0, 0, 1;
    %assign/vec4 v0x55b3313d6a20_0, 0;
    %wait E_0x55b331385f90;
    %pushi/vec4 146, 0, 8;
    %assign/vec4 v0x55b3313c07b0_0, 0;
    %pushi/vec4 241, 0, 8;
    %assign/vec4 v0x55b3313887f0_0, 0;
    %pushi/vec4 5, 0, 8;
    %assign/vec4 v0x55b3313d6860_0, 0;
    %pushi/vec4 86, 0, 8;
    %assign/vec4 v0x55b3313d6940_0, 0;
    %wait E_0x55b331386210;
    %pushi/vec4 1, 0, 1;
    %assign/vec4 v0x55b3313d6a20_0, 0;
    %wait E_0x55b331386470;
    %pushi/vec4 0, 0, 1;
    %assign/vec4 v0x55b3313d6a20_0, 0;
    %wait E_0x55b331386470;
    %pushi/vec4 1, 0, 1;
    %assign/vec4 v0x55b3313d6a20_0, 0;
    %wait E_0x55b331386470;
    %pushi/vec4 1, 0, 1;
    %assign/vec4 v0x55b3313d6a20_0, 0;
    %wait E_0x55b331386470;
    %pushi/vec4 1, 0, 1;
    %assign/vec4 v0x55b3313d6a20_0, 0;
    %wait E_0x55b331386470;
    %pushi/vec4 1, 0, 1;
    %assign/vec4 v0x55b3313d6a20_0, 0;
    %wait E_0x55b331386470;
    %pushi/vec4 0, 0, 1;
    %assign/vec4 v0x55b3313d6a20_0, 0;
    %wait E_0x55b331386470;
    %pushi/vec4 0, 0, 1;
    %assign/vec4 v0x55b3313d6a20_0, 0;
    %wait E_0x55b331386210;
    %pushi/vec4 1, 0, 1;
    %assign/vec4 v0x55b3313d6a20_0, 0;
    %wait E_0x55b331386470;
    %pushi/vec4 0, 0, 1;
    %assign/vec4 v0x55b3313d6a20_0, 0;
    %wait E_0x55b331386470;
    %pushi/vec4 1, 0, 1;
    %assign/vec4 v0x55b3313d6a20_0, 0;
    %wait E_0x55b331386470;
    %pushi/vec4 1, 0, 1;
    %assign/vec4 v0x55b3313d6a20_0, 0;
    %wait E_0x55b331386470;
    %pushi/vec4 1, 0, 1;
    %assign/vec4 v0x55b3313d6a20_0, 0;
    %wait E_0x55b331386470;
    %pushi/vec4 1, 0, 1;
    %assign/vec4 v0x55b3313d6a20_0, 0;
    %wait E_0x55b331386470;
    %pushi/vec4 0, 0, 1;
    %assign/vec4 v0x55b3313d6a20_0, 0;
    %wait E_0x55b331386470;
    %pushi/vec4 0, 0, 1;
    %assign/vec4 v0x55b3313d6a20_0, 0;
    %wait E_0x55b331386210;
    %pushi/vec4 1, 0, 1;
    %assign/vec4 v0x55b3313d6a20_0, 0;
    %wait E_0x55b331386470;
    %pushi/vec4 0, 0, 1;
    %assign/vec4 v0x55b3313d6a20_0, 0;
    %wait E_0x55b331386470;
    %pushi/vec4 1, 0, 1;
    %assign/vec4 v0x55b3313d6a20_0, 0;
    %wait E_0x55b331386470;
    %pushi/vec4 1, 0, 1;
    %assign/vec4 v0x55b3313d6a20_0, 0;
    %wait E_0x55b331386470;
    %pushi/vec4 1, 0, 1;
    %assign/vec4 v0x55b3313d6a20_0, 0;
    %wait E_0x55b331386470;
    %pushi/vec4 1, 0, 1;
    %assign/vec4 v0x55b3313d6a20_0, 0;
    %wait E_0x55b331386470;
    %pushi/vec4 0, 0, 1;
    %assign/vec4 v0x55b3313d6a20_0, 0;
    %wait E_0x55b331386470;
    %pushi/vec4 0, 0, 1;
    %assign/vec4 v0x55b3313d6a20_0, 0;
    %wait E_0x55b331386210;
    %pushi/vec4 1, 0, 1;
    %assign/vec4 v0x55b3313d6a20_0, 0;
    %wait E_0x55b331386470;
    %pushi/vec4 0, 0, 1;
    %assign/vec4 v0x55b3313d6a20_0, 0;
    %wait E_0x55b331386470;
    %pushi/vec4 1, 0, 1;
    %assign/vec4 v0x55b3313d6a20_0, 0;
    %wait E_0x55b331386470;
    %pushi/vec4 1, 0, 1;
    %assign/vec4 v0x55b3313d6a20_0, 0;
    %wait E_0x55b331386470;
    %pushi/vec4 1, 0, 1;
    %assign/vec4 v0x55b3313d6a20_0, 0;
    %wait E_0x55b331386470;
    %pushi/vec4 1, 0, 1;
    %assign/vec4 v0x55b3313d6a20_0, 0;
    %wait E_0x55b331386470;
    %pushi/vec4 0, 0, 1;
    %assign/vec4 v0x55b3313d6a20_0, 0;
    %wait E_0x55b331386470;
    %pushi/vec4 0, 0, 1;
    %assign/vec4 v0x55b3313d6a20_0, 0;
    %wait E_0x55b331386210;
    %pushi/vec4 1, 0, 1;
    %assign/vec4 v0x55b3313d6a20_0, 0;
    %wait E_0x55b331386470;
    %pushi/vec4 0, 0, 1;
    %assign/vec4 v0x55b3313d6a20_0, 0;
    %wait E_0x55b331386470;
    %pushi/vec4 1, 0, 1;
    %assign/vec4 v0x55b3313d6a20_0, 0;
    %wait E_0x55b331386470;
    %pushi/vec4 1, 0, 1;
    %assign/vec4 v0x55b3313d6a20_0, 0;
    %wait E_0x55b331386470;
    %pushi/vec4 1, 0, 1;
    %assign/vec4 v0x55b3313d6a20_0, 0;
    %wait E_0x55b331386470;
    %pushi/vec4 1, 0, 1;
    %assign/vec4 v0x55b3313d6a20_0, 0;
    %wait E_0x55b331386470;
    %pushi/vec4 0, 0, 1;
    %assign/vec4 v0x55b3313d6a20_0, 0;
    %wait E_0x55b331386470;
    %pushi/vec4 0, 0, 1;
    %assign/vec4 v0x55b3313d6a20_0, 0;
    %wait E_0x55b331386210;
    %pushi/vec4 1, 0, 1;
    %assign/vec4 v0x55b3313d6a20_0, 0;
    %wait E_0x55b331386470;
    %pushi/vec4 0, 0, 1;
    %assign/vec4 v0x55b3313d6a20_0, 0;
    %wait E_0x55b331386470;
    %pushi/vec4 1, 0, 1;
    %assign/vec4 v0x55b3313d6a20_0, 0;
    %wait E_0x55b331386470;
    %pushi/vec4 1, 0, 1;
    %assign/vec4 v0x55b3313d6a20_0, 0;
    %wait E_0x55b331386470;
    %pushi/vec4 1, 0, 1;
    %assign/vec4 v0x55b3313d6a20_0, 0;
    %wait E_0x55b331386470;
    %pushi/vec4 1, 0, 1;
    %assign/vec4 v0x55b3313d6a20_0, 0;
    %wait E_0x55b331386470;
    %pushi/vec4 0, 0, 1;
    %assign/vec4 v0x55b3313d6a20_0, 0;
    %wait E_0x55b331386470;
    %pushi/vec4 0, 0, 1;
    %assign/vec4 v0x55b3313d6a20_0, 0;
    %wait E_0x55b331386210;
    %pushi/vec4 1, 0, 1;
    %assign/vec4 v0x55b3313d6a20_0, 0;
    %wait E_0x55b331386470;
    %pushi/vec4 0, 0, 1;
    %assign/vec4 v0x55b3313d6a20_0, 0;
    %wait E_0x55b331386470;
    %pushi/vec4 1, 0, 1;
    %assign/vec4 v0x55b3313d6a20_0, 0;
    %wait E_0x55b331386470;
    %pushi/vec4 0, 0, 1;
    %assign/vec4 v0x55b3313d6a20_0, 0;
    %wait E_0x55b331386470;
    %pushi/vec4 1, 0, 1;
    %assign/vec4 v0x55b3313d6a20_0, 0;
    %wait E_0x55b331386470;
    %pushi/vec4 1, 0, 1;
    %assign/vec4 v0x55b3313d6a20_0, 0;
    %wait E_0x55b331386470;
    %pushi/vec4 0, 0, 1;
    %assign/vec4 v0x55b3313d6a20_0, 0;
    %wait E_0x55b331386470;
    %pushi/vec4 0, 0, 1;
    %assign/vec4 v0x55b3313d6a20_0, 0;
    %wait E_0x55b331386210;
    %pushi/vec4 1, 0, 1;
    %assign/vec4 v0x55b3313d6a20_0, 0;
    %wait E_0x55b331386470;
    %pushi/vec4 1, 0, 1;
    %assign/vec4 v0x55b3313d6a20_0, 0;
    %wait E_0x55b331386470;
    %pushi/vec4 1, 0, 1;
    %assign/vec4 v0x55b3313d6a20_0, 0;
    %wait E_0x55b331386470;
    %pushi/vec4 1, 0, 1;
    %assign/vec4 v0x55b3313d6a20_0, 0;
    %wait E_0x55b331386470;
    %pushi/vec4 0, 0, 1;
    %assign/vec4 v0x55b3313d6a20_0, 0;
    %wait E_0x55b331386470;
    %pushi/vec4 1, 0, 1;
    %assign/vec4 v0x55b3313d6a20_0, 0;
    %wait E_0x55b331386470;
    %pushi/vec4 0, 0, 1;
    %assign/vec4 v0x55b3313d6a20_0, 0;
    %wait E_0x55b331386470;
    %pushi/vec4 0, 0, 1;
    %assign/vec4 v0x55b3313d6a20_0, 0;
    %wait E_0x55b331386210;
    %pushi/vec4 1, 0, 1;
    %assign/vec4 v0x55b3313d6a20_0, 0;
    %wait E_0x55b331386470;
    %pushi/vec4 1, 0, 1;
    %assign/vec4 v0x55b3313d6a20_0, 0;
    %wait E_0x55b331386470;
    %pushi/vec4 1, 0, 1;
    %assign/vec4 v0x55b3313d6a20_0, 0;
    %wait E_0x55b331386470;
    %pushi/vec4 1, 0, 1;
    %assign/vec4 v0x55b3313d6a20_0, 0;
    %wait E_0x55b331386470;
    %pushi/vec4 1, 0, 1;
    %assign/vec4 v0x55b3313d6a20_0, 0;
    %wait E_0x55b331386470;
    %pushi/vec4 0, 0, 1;
    %assign/vec4 v0x55b3313d6a20_0, 0;
    %wait E_0x55b331386470;
    %pushi/vec4 0, 0, 1;
    %assign/vec4 v0x55b3313d6a20_0, 0;
    %wait E_0x55b331386470;
    %pushi/vec4 1, 0, 1;
    %assign/vec4 v0x55b3313d6a20_0, 0;
    %wait E_0x55b331386210;
    %pushi/vec4 1, 0, 1;
    %assign/vec4 v0x55b3313d6a20_0, 0;
    %wait E_0x55b331386470;
    %pushi/vec4 1, 0, 1;
    %assign/vec4 v0x55b3313d6a20_0, 0;
    %wait E_0x55b331386470;
    %pushi/vec4 1, 0, 1;
    %assign/vec4 v0x55b3313d6a20_0, 0;
    %wait E_0x55b331386470;
    %pushi/vec4 1, 0, 1;
    %assign/vec4 v0x55b3313d6a20_0, 0;
    %wait E_0x55b331386470;
    %pushi/vec4 1, 0, 1;
    %assign/vec4 v0x55b3313d6a20_0, 0;
    %wait E_0x55b331386470;
    %pushi/vec4 0, 0, 1;
    %assign/vec4 v0x55b3313d6a20_0, 0;
    %wait E_0x55b331386470;
    %pushi/vec4 0, 0, 1;
    %assign/vec4 v0x55b3313d6a20_0, 0;
    %wait E_0x55b331386470;
    %pushi/vec4 0, 0, 1;
    %assign/vec4 v0x55b3313d6a20_0, 0;
    %wait E_0x55b331386210;
    %pushi/vec4 1, 0, 1;
    %assign/vec4 v0x55b3313d6a20_0, 0;
    %wait E_0x55b331386470;
    %pushi/vec4 0, 0, 1;
    %assign/vec4 v0x55b3313d6a20_0, 0;
    %wait E_0x55b331386470;
    %pushi/vec4 1, 0, 1;
    %assign/vec4 v0x55b3313d6a20_0, 0;
    %wait E_0x55b331386470;
    %pushi/vec4 1, 0, 1;
    %assign/vec4 v0x55b3313d6a20_0, 0;
    %wait E_0x55b331386470;
    %pushi/vec4 1, 0, 1;
    %assign/vec4 v0x55b3313d6a20_0, 0;
    %wait E_0x55b331386470;
    %pushi/vec4 1, 0, 1;
    %assign/vec4 v0x55b3313d6a20_0, 0;
    %wait E_0x55b331386470;
    %pushi/vec4 0, 0, 1;
    %assign/vec4 v0x55b3313d6a20_0, 0;
    %wait E_0x55b331386470;
    %pushi/vec4 0, 0, 1;
    %assign/vec4 v0x55b3313d6a20_0, 0;
    %wait E_0x55b331386210;
    %pushi/vec4 0, 0, 1;
    %assign/vec4 v0x55b3313d6a20_0, 0;
    %wait E_0x55b331386470;
    %pushi/vec4 0, 0, 1;
    %assign/vec4 v0x55b3313d6a20_0, 0;
    %wait E_0x55b331386470;
    %pushi/vec4 0, 0, 1;
    %assign/vec4 v0x55b3313d6a20_0, 0;
    %wait E_0x55b331386470;
    %pushi/vec4 0, 0, 1;
    %assign/vec4 v0x55b3313d6a20_0, 0;
    %wait E_0x55b331386470;
    %pushi/vec4 1, 0, 1;
    %assign/vec4 v0x55b3313d6a20_0, 0;
    %wait E_0x55b331386470;
    %pushi/vec4 1, 0, 1;
    %assign/vec4 v0x55b3313d6a20_0, 0;
    %wait E_0x55b331386470;
    %pushi/vec4 1, 0, 1;
    %assign/vec4 v0x55b3313d6a20_0, 0;
    %wait E_0x55b331386470;
    %pushi/vec4 1, 0, 1;
    %assign/vec4 v0x55b3313d6a20_0, 0;
    %wait E_0x55b331386210;
    %pushi/vec4 1, 0, 1;
    %assign/vec4 v0x55b3313d6a20_0, 0;
    %wait E_0x55b331385f90;
    %wait E_0x55b331385f90;
    %wait E_0x55b331385f90;
    %wait E_0x55b331385f90;
    %wait E_0x55b331385f90;
    %vpi_call 2 559 "$finish" {0 0 0};
    %end;
    .thread T_0;
    .scope S_0x55b3313502a0;
T_1 ;
    %pushi/vec4 1, 0, 1;
    %assign/vec4 v0x55b3313c05a0_0, 0;
    %end;
    .thread T_1;
    .scope S_0x55b3313502a0;
T_2 ;
    %pushi/vec4 1, 0, 1;
    %assign/vec4 v0x55b3313bf9c0_0, 0;
    %end;
    .thread T_2;
    .scope S_0x55b3313502a0;
T_3 ;
    %pushi/vec4 1, 0, 1;
    %assign/vec4 v0x55b3313c0390_0, 0;
    %end;
    .thread T_3;
    .scope S_0x55b3313502a0;
T_4 ;
    %pushi/vec4 1, 0, 1;
    %assign/vec4 v0x55b3313c01c0_0, 0;
    %end;
    .thread T_4;
    .scope S_0x55b3313502a0;
T_5 ;
    %delay 32, 0;
    %load/vec4 v0x55b3313c05a0_0;
    %inv;
    %assign/vec4 v0x55b3313c05a0_0, 0;
    %jmp T_5;
    .thread T_5;
    .scope S_0x55b3313502a0;
T_6 ;
    %delay 16, 0;
    %load/vec4 v0x55b3313bf9c0_0;
    %inv;
    %assign/vec4 v0x55b3313bf9c0_0, 0;
    %jmp T_6;
    .thread T_6;
    .scope S_0x55b3313502a0;
T_7 ;
    %delay 8, 0;
    %load/vec4 v0x55b3313c0390_0;
    %inv;
    %assign/vec4 v0x55b3313c0390_0, 0;
    %jmp T_7;
    .thread T_7;
    .scope S_0x55b3313502a0;
T_8 ;
    %delay 1, 0;
    %load/vec4 v0x55b3313c01c0_0;
    %inv;
    %assign/vec4 v0x55b3313c01c0_0, 0;
    %jmp T_8;
    .thread T_8;
# The file index is used to find the file name in the following table.
:file_names 3;
    "N/A";
    "<interactive>";
    "probador_Tx.v";
