#! /usr/bin/vvp
:ivl_version "10.3 (stable)";
:ivl_delay_selection "TYPICAL";
:vpi_time_precision + 0;
:vpi_module "system";
:vpi_module "vhdl_sys";
:vpi_module "v2005_math";
:vpi_module "va_math";
S_0x55e4c6628130 .scope module, "demux1x2" "demux1x2" 2 1;
 .timescale 0 0;
    .port_info 0 /OUTPUT 8 "Salida_conductual0"
    .port_info 1 /OUTPUT 8 "Salida_conductual1"
    .port_info 2 /OUTPUT 1 "validsalida0"
    .port_info 3 /OUTPUT 1 "validsalida1"
    .port_info 4 /INPUT 8 "Entrada"
    .port_info 5 /INPUT 1 "validEntrada"
    .port_info 6 /INPUT 1 "clk"
    .port_info 7 /INPUT 1 "clk_2f"
    .port_info 8 /INPUT 1 "reset"
o0x7f0578a90018 .functor BUFZ 8, C4<zzzzzzzz>; HiZ drive
v0x55e4c663c3b0_0 .net "Entrada", 7 0, o0x7f0578a90018;  0 drivers
v0x55e4c6671820_0 .var "Salida_conductual0", 7 0;
v0x55e4c6671900_0 .var "Salida_conductual1", 7 0;
o0x7f0578a900a8 .functor BUFZ 1, C4<z>; HiZ drive
v0x55e4c66719c0_0 .net "clk", 0 0, o0x7f0578a900a8;  0 drivers
o0x7f0578a900d8 .functor BUFZ 1, C4<z>; HiZ drive
v0x55e4c6671a80_0 .net "clk_2f", 0 0, o0x7f0578a900d8;  0 drivers
o0x7f0578a90108 .functor BUFZ 1, C4<z>; HiZ drive
v0x55e4c6671b90_0 .net "reset", 0 0, o0x7f0578a90108;  0 drivers
v0x55e4c6671c50_0 .var "selector", 0 0;
o0x7f0578a90168 .functor BUFZ 1, C4<z>; HiZ drive
v0x55e4c6671d10_0 .net "validEntrada", 0 0, o0x7f0578a90168;  0 drivers
v0x55e4c6671dd0_0 .var "validsalida0", 0 0;
v0x55e4c6671e90_0 .var "validsalida1", 0 0;
E_0x55e4c665e740 .event posedge, v0x55e4c6671a80_0;
E_0x55e4c665dfd0 .event posedge, v0x55e4c66719c0_0;
    .scope S_0x55e4c6628130;
T_0 ;
    %wait E_0x55e4c665dfd0;
    %load/vec4 v0x55e4c6671b90_0;
    %pad/u 32;
    %cmpi/e 1, 0, 32;
    %jmp/0xz  T_0.0, 4;
    %load/vec4 v0x55e4c6671c50_0;
    %dup/vec4;
    %pushi/vec4 0, 0, 1;
    %cmp/u;
    %jmp/1 T_0.2, 6;
    %dup/vec4;
    %pushi/vec4 1, 0, 1;
    %cmp/u;
    %jmp/1 T_0.3, 6;
    %jmp T_0.4;
T_0.2 ;
    %load/vec4 v0x55e4c6671d10_0;
    %pad/u 32;
    %cmpi/e 1, 0, 32;
    %jmp/0xz  T_0.5, 4;
    %load/vec4 v0x55e4c663c3b0_0;
    %assign/vec4 v0x55e4c6671820_0, 0;
    %pushi/vec4 1, 0, 1;
    %assign/vec4 v0x55e4c6671dd0_0, 0;
    %jmp T_0.6;
T_0.5 ;
    %pushi/vec4 0, 0, 8;
    %assign/vec4 v0x55e4c6671820_0, 0;
T_0.6 ;
    %jmp T_0.4;
T_0.3 ;
    %load/vec4 v0x55e4c6671d10_0;
    %pad/u 32;
    %cmpi/e 1, 0, 32;
    %jmp/0xz  T_0.7, 4;
    %load/vec4 v0x55e4c663c3b0_0;
    %assign/vec4 v0x55e4c6671900_0, 0;
    %pushi/vec4 1, 0, 1;
    %assign/vec4 v0x55e4c6671e90_0, 0;
    %jmp T_0.8;
T_0.7 ;
    %pushi/vec4 0, 0, 8;
    %assign/vec4 v0x55e4c6671900_0, 0;
T_0.8 ;
    %jmp T_0.4;
T_0.4 ;
    %pop/vec4 1;
    %jmp T_0.1;
T_0.0 ;
    %pushi/vec4 0, 0, 8;
    %assign/vec4 v0x55e4c6671820_0, 0;
    %pushi/vec4 0, 0, 8;
    %assign/vec4 v0x55e4c6671900_0, 0;
    %pushi/vec4 0, 0, 1;
    %assign/vec4 v0x55e4c6671c50_0, 0;
T_0.1 ;
    %jmp T_0;
    .thread T_0;
    .scope S_0x55e4c6628130;
T_1 ;
    %wait E_0x55e4c665e740;
    %pushi/vec4 0, 0, 1;
    %assign/vec4 v0x55e4c6671c50_0, 0;
    %load/vec4 v0x55e4c6671c50_0;
    %pad/u 32;
    %cmpi/e 0, 0, 32;
    %jmp/0xz  T_1.0, 4;
    %pushi/vec4 1, 0, 1;
    %assign/vec4 v0x55e4c6671c50_0, 0;
    %jmp T_1.1;
T_1.0 ;
    %pushi/vec4 0, 0, 1;
    %assign/vec4 v0x55e4c6671c50_0, 0;
T_1.1 ;
    %jmp T_1;
    .thread T_1;
# The file index is used to find the file name in the following table.
:file_names 3;
    "N/A";
    "<interactive>";
    "demux1x2.v";
