#! /usr/bin/vvp
:ivl_version "10.3 (stable)";
:ivl_delay_selection "TYPICAL";
:vpi_time_precision + 0;
:vpi_module "system";
:vpi_module "vhdl_sys";
:vpi_module "v2005_math";
:vpi_module "va_math";
S_0x55f026e22130 .scope module, "demux1x2" "demux1x2" 2 1;
 .timescale 0 0;
    .port_info 0 /OUTPUT 8 "Salida_conductual0"
    .port_info 1 /OUTPUT 8 "Salida_conductual1"
    .port_info 2 /OUTPUT 1 "validsalida0"
    .port_info 3 /OUTPUT 1 "validsalida1"
    .port_info 4 /INPUT 8 "Entrada"
    .port_info 5 /INPUT 1 "validEntrada"
    .port_info 6 /INPUT 1 "clk"
    .port_info 7 /INPUT 1 "clk_2f"
    .port_info 8 /INPUT 1 "reset"
o0x7fb734ccc018 .functor BUFZ 8, C4<zzzzzzzz>; HiZ drive
v0x55f026e35fa0_0 .net "Entrada", 7 0, o0x7fb734ccc018;  0 drivers
v0x55f026e6a680_0 .var "Salida_conductual0", 7 0;
v0x55f026e6a760_0 .var "Salida_conductual1", 7 0;
o0x7fb734ccc0a8 .functor BUFZ 1, C4<z>; HiZ drive
v0x55f026e6a820_0 .net "clk", 0 0, o0x7fb734ccc0a8;  0 drivers
o0x7fb734ccc0d8 .functor BUFZ 1, C4<z>; HiZ drive
v0x55f026e6a8e0_0 .net "clk_2f", 0 0, o0x7fb734ccc0d8;  0 drivers
o0x7fb734ccc108 .functor BUFZ 1, C4<z>; HiZ drive
v0x55f026e6a9f0_0 .net "reset", 0 0, o0x7fb734ccc108;  0 drivers
v0x55f026e6aab0_0 .var "selector", 0 0;
o0x7fb734ccc168 .functor BUFZ 1, C4<z>; HiZ drive
v0x55f026e6ab70_0 .net "validEntrada", 0 0, o0x7fb734ccc168;  0 drivers
v0x55f026e6ac30_0 .var "validsalida0", 0 0;
v0x55f026e6acf0_0 .var "validsalida1", 0 0;
E_0x55f026e58740 .event posedge, v0x55f026e6a820_0;
    .scope S_0x55f026e22130;
T_0 ;
    %wait E_0x55f026e58740;
    %load/vec4 v0x55f026e6a9f0_0;
    %pad/u 32;
    %cmpi/e 1, 0, 32;
    %jmp/0xz  T_0.0, 4;
    %delay 1, 0;
    %load/vec4 v0x55f026e6aab0_0;
    %inv;
    %assign/vec4 v0x55f026e6aab0_0, 0;
    %load/vec4 v0x55f026e6aab0_0;
    %dup/vec4;
    %pushi/vec4 0, 0, 1;
    %cmp/u;
    %jmp/1 T_0.2, 6;
    %dup/vec4;
    %pushi/vec4 1, 0, 1;
    %cmp/u;
    %jmp/1 T_0.3, 6;
    %jmp T_0.4;
T_0.2 ;
    %load/vec4 v0x55f026e6ab70_0;
    %pad/u 32;
    %cmpi/e 1, 0, 32;
    %jmp/0xz  T_0.5, 4;
    %load/vec4 v0x55f026e35fa0_0;
    %assign/vec4 v0x55f026e6a680_0, 0;
    %pushi/vec4 1, 0, 1;
    %assign/vec4 v0x55f026e6ac30_0, 0;
    %jmp T_0.6;
T_0.5 ;
    %pushi/vec4 0, 0, 8;
    %assign/vec4 v0x55f026e6a680_0, 0;
T_0.6 ;
    %jmp T_0.4;
T_0.3 ;
    %load/vec4 v0x55f026e6ab70_0;
    %pad/u 32;
    %cmpi/e 1, 0, 32;
    %jmp/0xz  T_0.7, 4;
    %load/vec4 v0x55f026e35fa0_0;
    %assign/vec4 v0x55f026e6a760_0, 0;
    %pushi/vec4 1, 0, 1;
    %assign/vec4 v0x55f026e6acf0_0, 0;
    %jmp T_0.8;
T_0.7 ;
    %pushi/vec4 0, 0, 8;
    %assign/vec4 v0x55f026e6a760_0, 0;
T_0.8 ;
    %jmp T_0.4;
T_0.4 ;
    %pop/vec4 1;
    %jmp T_0.1;
T_0.0 ;
    %pushi/vec4 0, 0, 8;
    %assign/vec4 v0x55f026e6a680_0, 0;
    %pushi/vec4 0, 0, 8;
    %assign/vec4 v0x55f026e6a760_0, 0;
    %pushi/vec4 0, 0, 1;
    %assign/vec4 v0x55f026e6aab0_0, 0;
T_0.1 ;
    %jmp T_0;
    .thread T_0;
# The file index is used to find the file name in the following table.
:file_names 3;
    "N/A";
    "<interactive>";
    "demux1x2.v";
