#! /usr/bin/vvp
:ivl_version "10.3 (stable)";
:ivl_delay_selection "TYPICAL";
:vpi_time_precision + 0;
:vpi_module "system";
:vpi_module "vhdl_sys";
:vpi_module "v2005_math";
:vpi_module "va_math";
S_0x5630fb8c4130 .scope module, "mux2x1" "mux2x1" 2 1;
 .timescale 0 0;
    .port_info 0 /OUTPUT 8 "Salida_conductual"
    .port_info 1 /OUTPUT 1 "validsalida"
    .port_info 2 /INPUT 8 "Entrada0"
    .port_info 3 /INPUT 8 "Entrada1"
    .port_info 4 /INPUT 1 "validEntrada0"
    .port_info 5 /INPUT 1 "validEntrada1"
    .port_info 6 /INPUT 1 "clk"
    .port_info 7 /INPUT 1 "reset"
o0x7f03f8ad2018 .functor BUFZ 8, C4<zzzzzzzz>; HiZ drive
v0x5630fb8d7e80_0 .net "Entrada0", 7 0, o0x7f03f8ad2018;  0 drivers
o0x7f03f8ad2048 .functor BUFZ 8, C4<zzzzzzzz>; HiZ drive
v0x5630fb90c680_0 .net "Entrada1", 7 0, o0x7f03f8ad2048;  0 drivers
v0x5630fb90c760_0 .var "Salida_conductual", 7 0;
o0x7f03f8ad20a8 .functor BUFZ 1, C4<z>; HiZ drive
v0x5630fb90c820_0 .net "clk", 0 0, o0x7f03f8ad20a8;  0 drivers
o0x7f03f8ad20d8 .functor BUFZ 1, C4<z>; HiZ drive
v0x5630fb90c8e0_0 .net "reset", 0 0, o0x7f03f8ad20d8;  0 drivers
v0x5630fb90c9f0_0 .var "selector", 0 0;
o0x7f03f8ad2138 .functor BUFZ 1, C4<z>; HiZ drive
v0x5630fb90cab0_0 .net "validEntrada0", 0 0, o0x7f03f8ad2138;  0 drivers
o0x7f03f8ad2168 .functor BUFZ 1, C4<z>; HiZ drive
v0x5630fb90cb70_0 .net "validEntrada1", 0 0, o0x7f03f8ad2168;  0 drivers
v0x5630fb90cc30_0 .var "validsalida", 0 0;
E_0x5630fb8fa500 .event posedge, v0x5630fb90c820_0;
    .scope S_0x5630fb8c4130;
T_0 ;
    %wait E_0x5630fb8fa500;
    %load/vec4 v0x5630fb90c8e0_0;
    %pad/u 32;
    %cmpi/e 1, 0, 32;
    %jmp/0xz  T_0.0, 4;
    %pushi/vec4 0, 0, 1;
    %assign/vec4 v0x5630fb90c9f0_0, 0;
    %load/vec4 v0x5630fb90c9f0_0;
    %dup/vec4;
    %pushi/vec4 0, 0, 1;
    %cmp/u;
    %jmp/1 T_0.2, 6;
    %dup/vec4;
    %pushi/vec4 1, 0, 1;
    %cmp/u;
    %jmp/1 T_0.3, 6;
    %jmp T_0.4;
T_0.2 ;
    %load/vec4 v0x5630fb90cab0_0;
    %pad/u 32;
    %cmpi/e 1, 0, 32;
    %jmp/0xz  T_0.5, 4;
    %load/vec4 v0x5630fb8d7e80_0;
    %assign/vec4 v0x5630fb90c760_0, 0;
    %pushi/vec4 1, 0, 1;
    %assign/vec4 v0x5630fb90cc30_0, 0;
    %jmp T_0.6;
T_0.5 ;
    %pushi/vec4 0, 0, 8;
    %assign/vec4 v0x5630fb90c760_0, 0;
    %pushi/vec4 0, 0, 1;
    %assign/vec4 v0x5630fb90cc30_0, 0;
T_0.6 ;
    %pushi/vec4 1, 0, 1;
    %assign/vec4 v0x5630fb90c9f0_0, 0;
    %jmp T_0.4;
T_0.3 ;
    %load/vec4 v0x5630fb90cb70_0;
    %pad/u 32;
    %cmpi/e 1, 0, 32;
    %jmp/0xz  T_0.7, 4;
    %load/vec4 v0x5630fb90c680_0;
    %assign/vec4 v0x5630fb90c760_0, 0;
    %pushi/vec4 1, 0, 1;
    %assign/vec4 v0x5630fb90cc30_0, 0;
    %jmp T_0.8;
T_0.7 ;
    %pushi/vec4 0, 0, 8;
    %assign/vec4 v0x5630fb90c760_0, 0;
    %pushi/vec4 0, 0, 1;
    %assign/vec4 v0x5630fb90cc30_0, 0;
T_0.8 ;
    %pushi/vec4 0, 0, 1;
    %assign/vec4 v0x5630fb90c9f0_0, 0;
    %jmp T_0.4;
T_0.4 ;
    %pop/vec4 1;
    %jmp T_0.1;
T_0.0 ;
    %pushi/vec4 0, 0, 8;
    %assign/vec4 v0x5630fb90c760_0, 0;
    %pushi/vec4 0, 0, 1;
    %assign/vec4 v0x5630fb90c9f0_0, 0;
T_0.1 ;
    %jmp T_0;
    .thread T_0;
# The file index is used to find the file name in the following table.
:file_names 3;
    "N/A";
    "<interactive>";
    "mux2x1.v";
